==27344== Memcheck, a memory error detector
==27344== Copyright (C) 2002-2012, and GNU GPL'd, by Julian Seward et al.
==27344== Using Valgrind-3.8.1 and LibVEX; rerun with -h for copyright info
==27344== Command: undefvar
==27344== 
==27344== Conditional jump or move depends on uninitialised value(s)
==27344==    at 0x40055C: main (undefvar.c:16)
==27344==  Uninitialised value was created by a stack allocation
==27344==    at 0x400520: main (undefvar.c:10)
==27344== 
==27344== Use of uninitialised value of size 8
==27344==    at 0x3753643D5B: _itoa_word (in /lib64/libc-2.12.so)
==27344==    by 0x3753646912: vfprintf (in /lib64/libc-2.12.so)
==27344==    by 0x375364F449: printf (in /lib64/libc-2.12.so)
==27344==    by 0x40057F: main (undefvar.c:17)
==27344==  Uninitialised value was created by a stack allocation
==27344==    at 0x400520: main (undefvar.c:10)
==27344== 
==27344== Conditional jump or move depends on uninitialised value(s)
==27344==    at 0x3753643D65: _itoa_word (in /lib64/libc-2.12.so)
==27344==    by 0x3753646912: vfprintf (in /lib64/libc-2.12.so)
==27344==    by 0x375364F449: printf (in /lib64/libc-2.12.so)
==27344==    by 0x40057F: main (undefvar.c:17)
==27344==  Uninitialised value was created by a stack allocation
==27344==    at 0x400520: main (undefvar.c:10)
==27344== 
==27344== Conditional jump or move depends on uninitialised value(s)
==27344==    at 0x37536453A3: vfprintf (in /lib64/libc-2.12.so)
==27344==    by 0x375364F449: printf (in /lib64/libc-2.12.so)
==27344==    by 0x40057F: main (undefvar.c:17)
==27344==  Uninitialised value was created by a stack allocation
==27344==    at 0x400520: main (undefvar.c:10)
==27344== 
==27344== Conditional jump or move depends on uninitialised value(s)
==27344==    at 0x37536453C1: vfprintf (in /lib64/libc-2.12.so)
==27344==    by 0x375364F449: printf (in /lib64/libc-2.12.so)
==27344==    by 0x40057F: main (undefvar.c:17)
==27344==  Uninitialised value was created by a stack allocation
==27344==    at 0x400520: main (undefvar.c:10)
==27344== 
==27344== Conditional jump or move depends on uninitialised value(s)
==27344==    at 0x3753645948: vfprintf (in /lib64/libc-2.12.so)
==27344==    by 0x375364F449: printf (in /lib64/libc-2.12.so)
==27344==    by 0x40057F: main (undefvar.c:17)
==27344==  Uninitialised value was created by a stack allocation
==27344==    at 0x400520: main (undefvar.c:10)
==27344== 
==27344== Use of uninitialised value of size 8
==27344==    at 0x3753643D01: _itoa_word (in /lib64/libc-2.12.so)
==27344==    by 0x3753646912: vfprintf (in /lib64/libc-2.12.so)
==27344==    by 0x375364F449: printf (in /lib64/libc-2.12.so)
==27344==    by 0x40057F: main (undefvar.c:17)
==27344==  Uninitialised value was created by a stack allocation
==27344==    at 0x400520: main (undefvar.c:10)
==27344== 
==27344== Conditional jump or move depends on uninitialised value(s)
==27344==    at 0x3753643D08: _itoa_word (in /lib64/libc-2.12.so)
==27344==    by 0x3753646912: vfprintf (in /lib64/libc-2.12.so)
==27344==    by 0x375364F449: printf (in /lib64/libc-2.12.so)
==27344==    by 0x40057F: main (undefvar.c:17)
==27344==  Uninitialised value was created by a stack allocation
==27344==    at 0x400520: main (undefvar.c:10)
==27344== 
==27344== Conditional jump or move depends on uninitialised value(s)
==27344==    at 0x375364697D: vfprintf (in /lib64/libc-2.12.so)
==27344==    by 0x375364F449: printf (in /lib64/libc-2.12.so)
==27344==    by 0x40057F: main (undefvar.c:17)
==27344==  Uninitialised value was created by a stack allocation
==27344==    at 0x400520: main (undefvar.c:10)
==27344== 
==27344== Conditional jump or move depends on uninitialised value(s)
==27344==    at 0x3753645385: vfprintf (in /lib64/libc-2.12.so)
==27344==    by 0x375364F449: printf (in /lib64/libc-2.12.so)
==27344==    by 0x40057F: main (undefvar.c:17)
==27344==  Uninitialised value was created by a stack allocation
==27344==    at 0x400520: main (undefvar.c:10)
==27344== 
==27344== Conditional jump or move depends on uninitialised value(s)
==27344==    at 0x37536453FD: vfprintf (in /lib64/libc-2.12.so)
==27344==    by 0x375364F449: printf (in /lib64/libc-2.12.so)
==27344==    by 0x40057F: main (undefvar.c:17)
==27344==  Uninitialised value was created by a stack allocation
==27344==    at 0x400520: main (undefvar.c:10)
==27344== 
==27344== Use of uninitialised value of size 8
==27344==    at 0x400584: main (undefvar.c:18)
==27344==  Uninitialised value was created by a stack allocation
==27344==    at 0x400520: main (undefvar.c:10)
==27344== 
argc=1, argv=0x7fefffc48, *argv=0x7ff000013(undefvar)
var=0, it=0, p=0x7fefffc40
==27344== 
==27344== HEAP SUMMARY:
==27344==     in use at exit: 0 bytes in 0 blocks
==27344==   total heap usage: 0 allocs, 0 frees, 0 bytes allocated
==27344== 
==27344== All heap blocks were freed -- no leaks are possible
==27344== 
==27344== For counts of detected and suppressed errors, rerun with: -v
==27344== ERROR SUMMARY: 32 errors from 12 contexts (suppressed: 6 from 6)
EXIT STATUS = 0
