==21639== Memcheck, a memory error detector
==21639== Copyright (C) 2002-2012, and GNU GPL'd, by Julian Seward et al.
==21639== Using Valgrind-3.8.1 and LibVEX; rerun with -h for copyright info
==21639== Command: wordct catbychar.c catbyline.c getoptex.c undefvar.c wordct.c
==21639== 
      64     196    1561 catbychar.c
      67     230    1795 catbyline.c
      78     232    1936 getoptex.c
      24      82     570 undefvar.c
     166     623    4732 wordct.c
     399    1363   10594 total
==21639== 
==21639== HEAP SUMMARY:
==21639==     in use at exit: 0 bytes in 0 blocks
==21639==   total heap usage: 5 allocs, 5 frees, 2,840 bytes allocated
==21639== 
==21639== All heap blocks were freed -- no leaks are possible
==21639== 
==21639== For counts of detected and suppressed errors, rerun with: -v
==21639== ERROR SUMMARY: 0 errors from 0 contexts (suppressed: 6 from 6)
