==1206== Memcheck, a memory error detector
==1206== Copyright (C) 2002-2012, and GNU GPL'd, by Julian Seward et al.
==1206== Using Valgrind-3.8.1 and LibVEX; rerun with -h for copyright info
==1206== Command: catqueue
==1206== 
return NULL
item =
	"$Id: test1.data,v 1.1 2012-02-14 20:32:33-08 - - $"
item =
	"Test data 1 line 1."
item =
	"Test data 1 line 2."
item =
	"Test data 1 line 3."
==1206== Invalid read of size 8
==1206==    at 0x400D3C: isempty_queue (queue.c:44)
==1206==    by 0x400C27: main (main.c:67)
==1206==  Address 0x0 is not stack'd, malloc'd or (recently) free'd
==1206== 
==1206== 
==1206== Process terminating with default action of signal 11 (SIGSEGV)
==1206==  Access not within mapped region at address 0x0
==1206==    at 0x400D3C: isempty_queue (queue.c:44)
==1206==    by 0x400C27: main (main.c:67)
==1206==  If you believe this happened as a result of a stack
==1206==  overflow in your program's main thread (unlikely but
==1206==  possible), you can try to increase the size of the
==1206==  main thread stack using the --main-stacksize= flag.
==1206==  The main thread stack size used in this run was 10485760.
==1206== 
==1206== HEAP SUMMARY:
==1206==     in use at exit: 111 bytes in 4 blocks
==1206==   total heap usage: 4 allocs, 0 frees, 111 bytes allocated
==1206== 
==1206== 111 bytes in 4 blocks are definitely lost in loss record 1 of 1
==1206==    at 0x4A06A2E: malloc (in /opt/rh/devtoolset-2/root/usr/lib64/valgrind/vgpreload_memcheck-amd64-linux.so)
==1206==    by 0x3753681081: strdup (strdup.c:43)
==1206==    by 0x400A43: putinqueue (main.c:30)
==1206==    by 0x400B80: main (main.c:56)
==1206== 
==1206== LEAK SUMMARY:
==1206==    definitely lost: 111 bytes in 4 blocks
==1206==    indirectly lost: 0 bytes in 0 blocks
==1206==      possibly lost: 0 bytes in 0 blocks
==1206==    still reachable: 0 bytes in 0 blocks
==1206==         suppressed: 0 bytes in 0 blocks
==1206== 
==1206== For counts of detected and suppressed errors, rerun with: -v
==1206== ERROR SUMMARY: 2 errors from 2 contexts (suppressed: 6 from 6)
