::::::::::::::
list1.c
::::::::::::::
// $Id: list1.c,v 1.3 2013-02-08 18:00:41-08 - - $

#include <assert.h>
#include <stdio.h>

typedef struct node node;
struct node {
   char *word;
   node *link;
};

int main (int argc, char **argv) {
   node *head;
   for (int argi = 0; argi < 5; ++argi) {
      node *node = malloc (sizeof (struct node));
      assert (node != NULL);
      node->word = argv[argi];
      node->link = head;
      head = node;
   }
   for (node *curr = head; curr->link != NULL; curr = curr->link) {
      printf ("%p->node {word=%p->[%s], link=%p}\n",
              curr, curr->word, curr->word, curr->link);
   }
   return 9;
}
::::::::::::::
list1.c.log
::::::::::::::
list1.c: In function 'main':
list1.c:15:7: warning: implicit declaration of function 'malloc' [-Wimplicit-function-declaration]
       node *node = malloc (sizeof (struct node));
       ^
list1.c:15:20: warning: incompatible implicit declaration of built-in function 'malloc' [enabled by default]
       node *node = malloc (sizeof (struct node));
                    ^
list1.c:12:15: warning: unused parameter 'argc' [-Wunused-parameter]
 int main (int argc, char **argv) {
               ^
