::::::::::::::
malloc.c
::::::::::::::
// $Id: malloc.c,v 1.2 2013-02-08 18:01:12-08 - - $

#include <stdio.h>
#include <stdlib.h>

typedef struct node node;
struct node {
   int value;
   node *link;
};

int main (int argc, char **argv) {
   node *ptr = malloc (sizeof (struct node));
   ptr = malloc (sizeof (node));
   ptr->value = 6;
   ptr->link = NULL;
   printf ("%p-> {%d, %p}\n", ptr, ptr->value, ptr->link);
   free (ptr);
   return EXIT_SUCCESS;
}
::::::::::::::
malloc.c.log
::::::::::::::
malloc.c: In function 'main':
malloc.c:12:15: warning: unused parameter 'argc' [-Wunused-parameter]
 int main (int argc, char **argv) {
               ^
malloc.c:12:28: warning: unused parameter 'argv' [-Wunused-parameter]
 int main (int argc, char **argv) {
                            ^
