::::::::::::::
uninit.c
::::::::::::::
// $Id: uninit.c,v 1.3 2014-02-18 15:08:14-08 - - $

#include <stdio.h>
#include <stdlib.h>

int main (int argc, char **argv) {
   int *pointer;
   printf ("pointer=%p\n", pointer);
   printf ("*pointer=%d\n", *pointer);
   int foo;
   printf ("foo=%d\n", foo);
}
::::::::::::::
uninit.c.log
::::::::::::::
uninit.c: In function 'main':
uninit.c:6:15: warning: unused parameter 'argc' [-Wunused-parameter]
 int main (int argc, char **argv) {
               ^
uninit.c:6:28: warning: unused parameter 'argv' [-Wunused-parameter]
 int main (int argc, char **argv) {
                            ^
uninit.c:8:11: warning: 'pointer' is used uninitialized in this function [-Wuninitialized]
    printf ("pointer=%p\n", pointer);
           ^
uninit.c:11:11: warning: 'foo' is used uninitialized in this function [-Wuninitialized]
    printf ("foo=%d\n", foo);
           ^
